2024-07-08 11:06:46 - Folder name does not match pattern: 2023-09-07_nginx_editor_failover
2024-07-08 11:06:52 - Removed folder: 2461_fix_sitemap
2024-07-08 11:06:53 - Issue 2832 is not closed. Skipping folder: 2832_subject_tree_rendering_changes
2024-07-08 11:06:53 - Issue 2881 is not closed. Skipping folder: 2881_url_shortener
2024-07-08 11:06:54 - Issue 3190 is not closed. Skipping folder: 3190_remove_esprit
2024-07-08 11:06:54 - Removed folder: 3306_urs_on_dashboard
2024-07-08 11:06:55 - Issue 3356 is not closed. Skipping folder: 3356_restructure_templates
2024-07-08 11:06:55 - Removed folder: 3368_check_message_when_unlock
2024-07-08 11:06:55 - Folder name does not match pattern: 3435-dashboard-scroll
2024-07-08 11:06:56 - Issue 3490 is not closed. Skipping folder: 3490_apostrophes_in_titles
2024-07-08 11:06:56 - Issue 3498 is not closed. Skipping folder: 3498_async_articles_bulk_api
2024-07-08 11:06:57 - Issue 3507 is not closed. Skipping folder: 3507_application_form_ui_tests
2024-07-08 11:06:57 - Issue 3507 is not closed. Skipping folder: 3507_use_selenieum
2024-07-08 11:06:58 - Removed folder: 3519_application_annotation_backend
2024-07-08 11:06:58 - Removed folder: 3550_application_duplication_defence
2024-07-08 11:06:59 - Removed folder: 3570_incorrect_issns
2024-07-08 11:06:59 - Issue 3573 is not closed. Skipping folder: 3573_autocheck_article_uploaded
2024-07-08 11:07:00 - Issue 3647 is not closed. Skipping folder: 3647_export_ris
2024-07-08 11:07:00 - Issue 3668 is not closed. Skipping folder: 3668_remove_lib
2024-07-08 11:07:01 - Removed folder: 3671_autocheck_publication_time
2024-07-08 11:07:01 - Issue 3672 is not closed. Skipping folder: 3672_autocheck_none_value
2024-07-08 11:07:02 - Issue 3689 is not closed. Skipping folder: 3689_kafka_fallback
2024-07-08 11:07:02 - Removed folder: 3718_real_time_alerts
2024-07-08 11:07:03 - Removed folder: 3724_enhance_bgjob
2024-07-08 11:07:03 - Issue 3725 is not closed. Skipping folder: 3725_identical_issns_script
2024-07-08 11:07:04 - Removed folder: 3732_link_article_and_edit_pages
2024-07-08 11:07:04 - Removed folder: 3739_email_noti_ur
2024-07-08 11:07:05 - Issue 3762 is not closed. Skipping folder: 3762_ci_test_failures
2024-07-08 11:07:05 - Issue 3762 is not closed. Skipping folder: 3762_ci_test_failures_v2
2024-07-08 11:07:06 - Removed folder: 3774_allow_port_in_url
2024-07-08 11:07:06 - Removed folder: 3776_add_mirabel_deposit_policy
2024-07-08 11:07:07 - Removed folder: 3778_publisher_organisation_fields
2024-07-08 11:07:07 - Removed folder: 3779_change_column_in_csv
2024-07-08 11:07:08 - Removed folder: 3794_upgrade_swagger
2024-07-08 11:07:08 - Issue 3799 is not closed. Skipping folder: 3799_two_tiered_api
2024-07-08 11:07:09 - Removed folder: 3810_link_journal_and_journal_admin_page
2024-07-08 11:07:10 - Issue 3829 is not closed. Skipping folder: 3829_remove_seal_column
2024-07-08 11:07:11 - Removed folder: 3830_handle_ReadTimeoutError_not_serializable
2024-07-08 11:07:11 - Removed folder: 3831_request_error
2024-07-08 11:07:12 - Removed folder: 3833_handle_none
2024-07-08 11:07:12 - Issue 3835 is not closed. Skipping folder: 3835_coding_error_not_handled_correctly
2024-07-08 11:07:13 - Removed folder: 3845_regex_error
2024-07-08 11:07:13 - Issue 3849 is not closed. Skipping folder: 3849_historical_numbers
2024-07-08 11:07:14 - Issue 3850 is not closed. Skipping folder: 3850_link_editor_groups_by_name
2024-07-08 11:07:14 - Removed folder: 3859_editing_of_group_names
2024-07-08 11:07:15 - Removed folder: 3860_preservation_error_500
2024-07-08 11:07:15 - Removed folder: 3874_upgrade_epmc_version
2024-07-08 11:07:16 - Issue 3886 is not closed. Skipping folder: 3886_case_insensitive_login
2024-07-08 11:07:16 - Issue 3887 is not closed. Skipping folder: 3887_maned_ed_required_for_new_group
2024-07-08 11:07:17 - Issue 3907 is not closed. Skipping folder: 3907_migrate_prioities_spreadsheet
2024-07-08 11:07:17 - Folder name does not match pattern: fixture_generation_20221208
2024-07-08 11:07:17 - Folder name does not match pattern: history_files_fix
2024-07-08 11:07:17 - Folder name does not match pattern: testdrive
2024-07-08 11:07:17 - Script execution completed.
2024-07-08 11:23:12 - Folder name does not match pattern: 2023-09-07_nginx_editor_failover
2024-07-08 11:23:18 - Removed folder: 2461_fix_sitemap
2024-07-08 11:23:18 - Issue 2832 is not closed. Skipping folder: 2832_subject_tree_rendering_changes
2024-07-08 11:23:19 - Issue 2881 is not closed. Skipping folder: 2881_url_shortener
2024-07-08 11:23:19 - Issue 3190 is not closed. Skipping folder: 3190_remove_esprit
2024-07-08 11:23:20 - Removed folder: 3306_urs_on_dashboard
2024-07-08 11:23:20 - Issue 3356 is not closed. Skipping folder: 3356_restructure_templates
2024-07-08 11:23:21 - Removed folder: 3368_check_message_when_unlock
2024-07-08 11:23:21 - Folder name does not match pattern: 3435-dashboard-scroll
2024-07-08 11:23:22 - Issue 3490 is not closed. Skipping folder: 3490_apostrophes_in_titles
2024-07-08 11:23:22 - Issue 3498 is not closed. Skipping folder: 3498_async_articles_bulk_api
2024-07-08 11:23:23 - Issue 3507 is not closed. Skipping folder: 3507_application_form_ui_tests
2024-07-08 11:23:23 - Issue 3507 is not closed. Skipping folder: 3507_use_selenieum
2024-07-08 11:23:24 - Removed folder: 3519_application_annotation_backend
2024-07-08 11:23:24 - Removed folder: 3550_application_duplication_defence
2024-07-08 11:23:25 - Removed folder: 3570_incorrect_issns
2024-07-08 11:23:25 - Issue 3573 is not closed. Skipping folder: 3573_autocheck_article_uploaded
2024-07-08 11:23:26 - Issue 3647 is not closed. Skipping folder: 3647_export_ris
2024-07-08 11:23:26 - Issue 3668 is not closed. Skipping folder: 3668_remove_lib
2024-07-08 11:23:27 - Removed folder: 3671_autocheck_publication_time
2024-07-08 11:23:27 - Issue 3672 is not closed. Skipping folder: 3672_autocheck_none_value
2024-07-08 11:23:28 - Issue 3689 is not closed. Skipping folder: 3689_kafka_fallback
2024-07-08 11:23:28 - Removed folder: 3718_real_time_alerts
2024-07-08 11:23:29 - Removed folder: 3724_enhance_bgjob
2024-07-08 11:23:29 - Issue 3725 is not closed. Skipping folder: 3725_identical_issns_script
2024-07-08 11:23:30 - Removed folder: 3732_link_article_and_edit_pages
2024-07-08 11:23:31 - Removed folder: 3739_email_noti_ur
2024-07-08 11:23:31 - Issue 3762 is not closed. Skipping folder: 3762_ci_test_failures
2024-07-08 11:23:32 - Issue 3762 is not closed. Skipping folder: 3762_ci_test_failures_v2
2024-07-08 11:23:32 - Removed folder: 3774_allow_port_in_url
2024-07-08 11:23:32 - Removed folder: 3776_add_mirabel_deposit_policy
2024-07-08 11:23:33 - Removed folder: 3778_publisher_organisation_fields
2024-07-08 11:23:34 - Removed folder: 3779_change_column_in_csv
2024-07-08 11:23:34 - Removed folder: 3794_upgrade_swagger
2024-07-08 11:23:35 - Issue 3799 is not closed. Skipping folder: 3799_two_tiered_api
2024-07-08 11:23:35 - Removed folder: 3810_link_journal_and_journal_admin_page
2024-07-08 11:23:36 - Issue 3829 is not closed. Skipping folder: 3829_remove_seal_column
2024-07-08 11:23:36 - Removed folder: 3830_handle_ReadTimeoutError_not_serializable
2024-07-08 11:23:37 - Removed folder: 3831_request_error
2024-07-08 11:23:37 - Removed folder: 3833_handle_none
2024-07-08 11:23:38 - Issue 3835 is not closed. Skipping folder: 3835_coding_error_not_handled_correctly
2024-07-08 11:23:38 - Removed folder: 3845_regex_error
2024-07-08 11:23:39 - Issue 3849 is not closed. Skipping folder: 3849_historical_numbers
2024-07-08 11:23:39 - Issue 3850 is not closed. Skipping folder: 3850_link_editor_groups_by_name
2024-07-08 11:23:40 - Removed folder: 3859_editing_of_group_names
2024-07-08 11:23:41 - Removed folder: 3860_preservation_error_500
2024-07-08 11:23:41 - Removed folder: 3874_upgrade_epmc_version
2024-07-08 11:23:42 - Issue 3886 is not closed. Skipping folder: 3886_case_insensitive_login
2024-07-08 11:23:42 - Issue 3887 is not closed. Skipping folder: 3887_maned_ed_required_for_new_group
2024-07-08 11:23:43 - Issue 3907 is not closed. Skipping folder: 3907_migrate_prioities_spreadsheet
2024-07-08 11:23:43 - Folder name does not match pattern: fixture_generation_20221208
2024-07-08 11:23:43 - Folder name does not match pattern: history_files_fix
2024-07-08 11:23:43 - Folder name does not match pattern: testdrive
2024-07-08 11:24:35 - Script execution completed.
2024-07-08 11:25:33 - Folder name does not match pattern: 2023-09-07_nginx_editor_failover
2024-07-08 11:25:34 - Removed folder: 2461_fix_sitemap
2024-07-08 11:25:34 - Issue 2832 is not closed. Skipping folder: 2832_subject_tree_rendering_changes
2024-07-08 11:27:29 - Folder name does not match pattern: 2023-09-07_nginx_editor_failover
2024-07-08 11:27:35 - Removed folder: 2461_fix_sitemap
2024-07-08 11:27:35 - Issue 2832 is not closed. Skipping folder: 2832_subject_tree_rendering_changes
2024-07-08 11:27:36 - Issue 2881 is not closed. Skipping folder: 2881_url_shortener
2024-07-08 11:27:36 - Issue 3190 is not closed. Skipping folder: 3190_remove_esprit
2024-07-08 11:27:37 - Removed folder: 3306_urs_on_dashboard
2024-07-08 11:27:38 - Issue 3356 is not closed. Skipping folder: 3356_restructure_templates
2024-07-08 11:27:38 - Removed folder: 3368_check_message_when_unlock
2024-07-08 11:27:38 - Folder name does not match pattern: 3435-dashboard-scroll
2024-07-08 11:27:39 - Issue 3490 is not closed. Skipping folder: 3490_apostrophes_in_titles
2024-07-08 11:27:39 - Issue 3498 is not closed. Skipping folder: 3498_async_articles_bulk_api
2024-07-08 11:27:40 - Issue 3507 is not closed. Skipping folder: 3507_application_form_ui_tests
2024-07-08 11:27:40 - Issue 3507 is not closed. Skipping folder: 3507_use_selenieum
2024-07-08 11:27:41 - Removed folder: 3519_application_annotation_backend
2024-07-08 11:27:41 - Removed folder: 3550_application_duplication_defence
2024-07-08 11:27:42 - Removed folder: 3570_incorrect_issns
2024-07-08 11:27:42 - Issue 3573 is not closed. Skipping folder: 3573_autocheck_article_uploaded
2024-07-08 11:27:43 - Issue 3647 is not closed. Skipping folder: 3647_export_ris
2024-07-08 11:27:43 - Issue 3668 is not closed. Skipping folder: 3668_remove_lib
2024-07-08 11:27:44 - Removed folder: 3671_autocheck_publication_time
2024-07-08 11:27:45 - Issue 3672 is not closed. Skipping folder: 3672_autocheck_none_value
2024-07-08 11:27:45 - Issue 3689 is not closed. Skipping folder: 3689_kafka_fallback
2024-07-08 11:27:46 - Removed folder: 3718_real_time_alerts
2024-07-08 11:27:46 - Removed folder: 3724_enhance_bgjob
2024-07-08 11:27:47 - Issue 3725 is not closed. Skipping folder: 3725_identical_issns_script
2024-07-08 11:27:47 - Removed folder: 3732_link_article_and_edit_pages
2024-07-08 11:27:48 - Removed folder: 3739_email_noti_ur
2024-07-08 11:27:48 - Issue 3762 is not closed. Skipping folder: 3762_ci_test_failures
2024-07-08 11:27:49 - Issue 3762 is not closed. Skipping folder: 3762_ci_test_failures_v2
2024-07-08 11:27:49 - Removed folder: 3774_allow_port_in_url
2024-07-08 11:27:50 - Removed folder: 3776_add_mirabel_deposit_policy
2024-07-08 11:27:50 - Removed folder: 3778_publisher_organisation_fields
2024-07-08 11:27:51 - Removed folder: 3779_change_column_in_csv
2024-07-08 11:27:52 - Removed folder: 3794_upgrade_swagger
2024-07-08 11:27:52 - Issue 3799 is not closed. Skipping folder: 3799_two_tiered_api
2024-07-08 11:27:53 - Removed folder: 3810_link_journal_and_journal_admin_page
2024-07-08 11:27:53 - Issue 3829 is not closed. Skipping folder: 3829_remove_seal_column
2024-07-08 11:27:54 - Removed folder: 3830_handle_ReadTimeoutError_not_serializable
2024-07-08 11:27:59 - Removed folder: 3831_request_error
2024-07-08 11:28:00 - Removed folder: 3833_handle_none
2024-07-08 11:28:00 - Issue 3835 is not closed. Skipping folder: 3835_coding_error_not_handled_correctly
2024-07-08 11:28:01 - Removed folder: 3845_regex_error
2024-07-08 11:28:01 - Issue 3849 is not closed. Skipping folder: 3849_historical_numbers
2024-07-08 11:28:02 - Issue 3850 is not closed. Skipping folder: 3850_link_editor_groups_by_name
2024-07-08 11:28:02 - Removed folder: 3859_editing_of_group_names
2024-07-08 11:28:03 - Removed folder: 3860_preservation_error_500
2024-07-08 11:28:04 - Removed folder: 3874_upgrade_epmc_version
2024-07-08 11:28:04 - Issue 3886 is not closed. Skipping folder: 3886_case_insensitive_login
2024-07-08 11:28:05 - Issue 3887 is not closed. Skipping folder: 3887_maned_ed_required_for_new_group
2024-07-08 11:28:05 - Issue 3907 is not closed. Skipping folder: 3907_migrate_prioities_spreadsheet
2024-07-08 11:28:05 - Folder name does not match pattern: fixture_generation_20221208
2024-07-08 11:28:05 - Folder name does not match pattern: history_files_fix
2024-07-08 11:28:05 - Folder name does not match pattern: testdrive
2024-07-08 11:28:13 - Script execution completed.
2024-07-08 11:33:14 - Folder name does not match pattern: 2023-09-07_nginx_editor_failover
2024-07-08 11:33:20 - Removed folder: 2461_fix_sitemap
2024-07-08 11:33:21 - Issue 2832 is not closed. Skipping folder: 2832_subject_tree_rendering_changes
2024-07-08 11:33:22 - Issue 2881 is not closed. Skipping folder: 2881_url_shortener
2024-07-08 11:33:22 - Issue 3190 is not closed. Skipping folder: 3190_remove_esprit
2024-07-08 11:33:23 - Removed folder: 3306_urs_on_dashboard
2024-07-08 11:33:23 - Issue 3356 is not closed. Skipping folder: 3356_restructure_templates
2024-07-08 11:33:24 - Removed folder: 3368_check_message_when_unlock
2024-07-08 11:33:24 - Folder name does not match pattern: 3435-dashboard-scroll
2024-07-08 11:33:24 - Issue 3490 is not closed. Skipping folder: 3490_apostrophes_in_titles
2024-07-08 11:33:25 - Issue 3498 is not closed. Skipping folder: 3498_async_articles_bulk_api
2024-07-08 11:33:25 - Issue 3507 is not closed. Skipping folder: 3507_application_form_ui_tests
2024-07-08 11:33:26 - Issue 3507 is not closed. Skipping folder: 3507_use_selenieum
2024-07-08 11:33:26 - Removed folder: 3519_application_annotation_backend
2024-07-08 11:33:27 - Removed folder: 3550_application_duplication_defence
2024-07-08 11:33:27 - Removed folder: 3570_incorrect_issns
2024-07-08 11:33:28 - Issue 3573 is not closed. Skipping folder: 3573_autocheck_article_uploaded
2024-07-08 11:33:28 - Issue 3647 is not closed. Skipping folder: 3647_export_ris
2024-07-08 11:33:29 - Issue 3668 is not closed. Skipping folder: 3668_remove_lib
2024-07-08 11:33:29 - Removed folder: 3671_autocheck_publication_time
2024-07-08 11:33:30 - Issue 3672 is not closed. Skipping folder: 3672_autocheck_none_value
2024-07-08 11:33:31 - Issue 3689 is not closed. Skipping folder: 3689_kafka_fallback
2024-07-08 11:33:31 - Removed folder: 3718_real_time_alerts
2024-07-08 11:33:32 - Removed folder: 3724_enhance_bgjob
2024-07-08 11:33:32 - Issue 3725 is not closed. Skipping folder: 3725_identical_issns_script
2024-07-08 11:33:33 - Removed folder: 3732_link_article_and_edit_pages
2024-07-08 11:33:33 - Removed folder: 3739_email_noti_ur
2024-07-08 11:33:34 - Issue 3762 is not closed. Skipping folder: 3762_ci_test_failures
2024-07-08 11:33:34 - Issue 3762 is not closed. Skipping folder: 3762_ci_test_failures_v2
2024-07-08 11:33:35 - Removed folder: 3774_allow_port_in_url
2024-07-08 11:33:35 - Removed folder: 3776_add_mirabel_deposit_policy
2024-07-08 11:33:36 - Removed folder: 3778_publisher_organisation_fields
2024-07-08 11:33:36 - Removed folder: 3779_change_column_in_csv
2024-07-08 11:33:37 - Removed folder: 3794_upgrade_swagger
2024-07-08 11:33:37 - Issue 3799 is not closed. Skipping folder: 3799_two_tiered_api
2024-07-08 11:33:38 - Removed folder: 3810_link_journal_and_journal_admin_page
2024-07-08 11:33:38 - Issue 3829 is not closed. Skipping folder: 3829_remove_seal_column
2024-07-08 11:33:39 - Removed folder: 3830_handle_ReadTimeoutError_not_serializable
2024-07-08 11:33:39 - Removed folder: 3831_request_error
2024-07-08 11:33:40 - Removed folder: 3833_handle_none
2024-07-08 11:33:40 - Issue 3835 is not closed. Skipping folder: 3835_coding_error_not_handled_correctly
2024-07-08 11:33:41 - Removed folder: 3845_regex_error
2024-07-08 11:33:41 - Issue 3849 is not closed. Skipping folder: 3849_historical_numbers
2024-07-08 11:33:42 - Issue 3850 is not closed. Skipping folder: 3850_link_editor_groups_by_name
2024-07-08 11:33:42 - Removed folder: 3859_editing_of_group_names
2024-07-08 11:33:43 - Removed folder: 3860_preservation_error_500
2024-07-08 11:33:44 - Removed folder: 3874_upgrade_epmc_version
2024-07-08 11:33:44 - Issue 3886 is not closed. Skipping folder: 3886_case_insensitive_login
2024-07-08 11:33:45 - Issue 3887 is not closed. Skipping folder: 3887_maned_ed_required_for_new_group
2024-07-08 11:33:45 - Issue 3907 is not closed. Skipping folder: 3907_migrate_prioities_spreadsheet
2024-07-08 11:33:45 - Folder name does not match pattern: fixture_generation_20221208
2024-07-08 11:33:45 - Folder name does not match pattern: history_files_fix
2024-07-08 11:33:45 - Folder name does not match pattern: testdrive
2024-07-08 11:33:47 - Script execution completed.
